[2020-02-03T02:09:18.263509+00:00] betterprotect.INFO: sender_payload is wildcard [] []
[2020-02-03T02:09:26.001634+00:00] betterprotect.INFO: sender_payload is wildcard [] []
[2020-02-03T02:11:01.659923+00:00] betterprotect.INFO: sender_payload is wildcard [] []
[2020-02-03T02:11:01.662484+00:00] betterprotect.INFO: sender_payload is wildcard [] []
[2020-02-03T02:11:06.038532+00:00] betterprotect.INFO: sender_payload is wildcard [] []
[2020-02-03T02:11:06.041320+00:00] betterprotect.INFO: sender_payload is wildcard [] []
[2020-02-03T02:11:18.321234+00:00] betterprotect.INFO: sender_payload is wildcard [] []
[2020-02-03T02:11:18.323960+00:00] betterprotect.INFO: Query returned no results [] []
[2020-02-03T02:11:22.909081+00:00] betterprotect.INFO: sender_payload is wildcard [] []
[2020-02-03T02:11:52.855354+00:00] betterprotect.INFO: sender_payload is wildcard [] []
[2020-02-03T02:12:25.912468+00:00] betterprotect.INFO: sender_payload is wildcard [] []
[2020-02-03T02:12:25.915180+00:00] betterprotect.INFO: sender_payload is wildcard [] []
[2020-02-03T02:13:20.020443+00:00] betterprotect.INFO: sender_payload is wildcard [] []
[2020-02-03T02:13:20.023312+00:00] betterprotect.INFO: sender_payload is wildcard [] []
[2020-02-03T02:15:44.400002+00:00] betterprotect.INFO: sender_payload is wildcard [] []
[2020-02-03T02:15:44.402703+00:00] betterprotect.INFO: Query returned no results [] []
[2020-02-03T02:16:01.188808+00:00] betterprotect.INFO: sender_payload is wildcard [] []
[2020-02-03T02:16:01.191885+00:00] betterprotect.INFO: Query returned no results [] []
[2020-02-03T02:16:31.619938+00:00] betterprotect.INFO: sender_payload is wildcard [] []
[2020-02-03T02:16:36.657338+00:00] betterprotect.INFO: sender_payload is wildcard [] []
[2020-02-03T02:16:36.659869+00:00] betterprotect.INFO: Query returned no results [] []
[2020-02-03T02:16:46.433750+00:00] betterprotect.INFO: Query returned no results [] []
[2020-02-03T02:17:27.269435+00:00] betterprotect.INFO: sender_payload is wildcard [] []
[2020-02-03T02:17:27.272780+00:00] betterprotect.INFO: Query returned no results [] []
[2020-02-03T02:17:33.065523+00:00] betterprotect.INFO: sender_payload is wildcard [] []
[2020-02-03T02:17:33.068510+00:00] betterprotect.INFO: sender_payload is wildcard [] []
[2020-02-03T02:17:41.416527+00:00] betterprotect.INFO: sender_payload is wildcard [] []
[2020-02-03T02:17:41.419212+00:00] betterprotect.INFO: sender_payload is wildcard [] []
[2020-02-03T02:17:41.420031+00:00] betterprotect.INFO: sender_payload is wildcard [] []
[2020-02-03T02:17:41.420799+00:00] betterprotect.INFO: sender_payload is wildcard [] []
[2020-02-03T02:17:41.421239+00:00] betterprotect.INFO: client_address is in network 192.168.178.0/24 [] []
[2020-02-03T02:17:41.421765+00:00] betterprotect.INFO: sender_payload is wildcard [] []
[2020-02-03T02:22:26.473129+00:00] betterprotect.INFO: sender_payload is wildcard [] []
[2020-02-03T02:22:26.475775+00:00] betterprotect.INFO: sender_payload is wildcard [] []
[2020-02-03T02:22:26.476553+00:00] betterprotect.INFO: sender_payload is wildcard [] []
[2020-02-03T02:22:26.477412+00:00] betterprotect.INFO: sender_payload is wildcard [] []
[2020-02-03T02:22:26.477842+00:00] betterprotect.INFO: client_address is in network 192.168.178.0/24 [] []
[2020-02-03T02:22:26.478288+00:00] betterprotect.INFO: sender_payload is wildcard [] []
[2020-02-03T02:26:49.587806+00:00] betterprotect.INFO: sender_payload is wildcard [] []
[2020-02-03T02:26:49.591122+00:00] betterprotect.INFO: sender_payload is wildcard [] []
[2020-02-03T02:26:49.592036+00:00] betterprotect.INFO: sender_payload is wildcard [] []
[2020-02-03T02:26:49.592866+00:00] betterprotect.INFO: sender_payload is wildcard [] []
[2020-02-03T02:26:49.593352+00:00] betterprotect.INFO: client_address is in network 192.168.178.0/24 [] []
[2020-02-03T02:26:49.593835+00:00] betterprotect.INFO: sender_payload is wildcard [] []
[2020-02-03T02:26:49.617075+00:00] betterprotect.INFO: client_payload is wildcard [] []
[2020-02-03T02:26:49.617294+00:00] betterprotect.INFO: sender_payload mail1@contoso.com [] []
[2020-02-03T02:26:49.617994+00:00] betterprotect.INFO: sender matches domain 1234contoso.com [] []
[2020-02-03T02:26:49.618766+00:00] betterprotect.INFO: client_payload is wildcard [] []
[2020-02-03T02:26:49.618811+00:00] betterprotect.INFO: sender_payload 1234contoso.com [] []
[2020-02-03T02:26:49.619450+00:00] betterprotect.INFO: sender matches localpart mail2 [] []
[2020-02-03T02:26:49.619740+00:00] betterprotect.INFO: client_payload is wildcard [] []
[2020-02-03T02:26:49.619783+00:00] betterprotect.INFO: sender_payload mail2 [] []
[2020-02-03T02:29:50.167301+00:00] betterprotect.INFO: sender_payload is wildcard [] []
[2020-02-03T02:29:50.170062+00:00] betterprotect.INFO: sender_payload is wildcard [] []
[2020-02-03T02:29:50.170942+00:00] betterprotect.INFO: sender_payload is wildcard [] []
[2020-02-03T02:29:50.171802+00:00] betterprotect.INFO: sender_payload is wildcard [] []
[2020-02-03T02:29:50.172193+00:00] betterprotect.INFO: client_address is in network 192.168.178.0/24 [] []
[2020-02-03T02:29:50.172752+00:00] betterprotect.INFO: sender_payload is wildcard [] []
[2020-02-03T02:29:50.175469+00:00] betterprotect.INFO: sender_payload is wildcard [] []
[2020-02-03T02:29:50.176705+00:00] betterprotect.INFO: sender matches domain 1234contoso.com [] []
[2020-02-03T02:29:50.177179+00:00] betterprotect.INFO: sender_payload is wildcard [] []
[2020-02-03T02:29:50.177865+00:00] betterprotect.INFO: sender matches localpart mail2 [] []
[2020-02-03T02:29:50.178167+00:00] betterprotect.INFO: sender_payload is wildcard [] []
[2020-02-03T02:30:20.411540+00:00] betterprotect.INFO: sender_payload is wildcard [] []
[2020-02-03T02:30:20.414368+00:00] betterprotect.INFO: sender_payload is wildcard [] []
[2020-02-03T02:30:20.415233+00:00] betterprotect.INFO: sender_payload is wildcard [] []
[2020-02-03T02:30:20.416394+00:00] betterprotect.INFO: sender_payload is wildcard [] []
[2020-02-03T02:30:20.417313+00:00] betterprotect.INFO: client_address is in network 192.168.178.0/24 [] []
[2020-02-03T02:30:20.418149+00:00] betterprotect.INFO: sender_payload is wildcard [] []
[2020-02-03T02:30:20.419510+00:00] betterprotect.INFO: sender_payload is wildcard [] []
[2020-02-03T02:30:20.420218+00:00] betterprotect.INFO: sender matches domain 1234contoso.com [] []
[2020-02-03T02:30:20.420663+00:00] betterprotect.INFO: sender_payload is wildcard [] []
[2020-02-03T02:30:20.421341+00:00] betterprotect.INFO: sender matches localpart mail2 [] []
[2020-02-03T02:30:20.421643+00:00] betterprotect.INFO: sender_payload is wildcard [] []
[2020-02-03T02:30:20.423207+00:00] betterprotect.INFO: sender_payload is wildcard [] []
[2020-02-03T02:30:20.424199+00:00] betterprotect.INFO: sender_payload is wildcard [] []
[2020-02-03T02:30:20.425030+00:00] betterprotect.INFO: sender_payload is wildcard [] []
[2020-02-03T02:30:20.425855+00:00] betterprotect.INFO: sender_payload is wildcard [] []
[2020-02-03T02:30:20.426313+00:00] betterprotect.INFO: client_address is in network 192.168.178.0/24 [] []
[2020-02-03T02:30:20.426865+00:00] betterprotect.INFO: sender_payload is wildcard [] []
[2020-02-03T02:30:20.427671+00:00] betterprotect.INFO: sender_payload is wildcard [] []
[2020-02-03T02:30:20.428295+00:00] betterprotect.INFO: sender matches domain 1234contoso.com [] []
[2020-02-03T02:30:20.428709+00:00] betterprotect.INFO: sender_payload is wildcard [] []
[2020-02-03T02:30:20.429315+00:00] betterprotect.INFO: sender matches localpart mail2 [] []
[2020-02-03T02:30:20.429611+00:00] betterprotect.INFO: sender_payload is wildcard [] []
[2020-02-03T02:31:41.685272+00:00] betterprotect.INFO: sender_payload is wildcard [] []
[2020-02-03T02:31:41.688530+00:00] betterprotect.INFO: sender_payload is wildcard [] []
[2020-02-03T02:31:41.689666+00:00] betterprotect.INFO: sender_payload is wildcard [] []
[2020-02-03T02:31:41.690637+00:00] betterprotect.INFO: sender_payload is wildcard [] []
[2020-02-03T02:31:41.691158+00:00] betterprotect.INFO: client_address is in network 192.168.178.0/24 [] []
[2020-02-03T02:31:41.691719+00:00] betterprotect.INFO: sender_payload is wildcard [] []
[2020-02-03T02:31:41.692626+00:00] betterprotect.INFO: sender_payload is wildcard [] []
[2020-02-03T02:31:41.693338+00:00] betterprotect.INFO: sender matches domain 1234contoso.com [] []
[2020-02-03T02:31:41.693750+00:00] betterprotect.INFO: sender_payload is wildcard [] []
[2020-02-03T02:31:41.694444+00:00] betterprotect.INFO: sender matches localpart mail2 [] []
[2020-02-03T02:31:41.694738+00:00] betterprotect.INFO: sender_payload is wildcard [] []
[2020-02-03T02:31:41.696427+00:00] betterprotect.INFO: sender_payload is wildcard [] []
[2020-02-03T02:31:41.697429+00:00] betterprotect.INFO: sender_payload is wildcard [] []
[2020-02-03T02:31:41.698428+00:00] betterprotect.INFO: sender_payload is wildcard [] []
[2020-02-03T02:31:41.699415+00:00] betterprotect.INFO: sender_payload is wildcard [] []
[2020-02-03T02:31:41.699948+00:00] betterprotect.INFO: client_address is in network 192.168.178.0/24 [] []
[2020-02-03T02:31:41.700521+00:00] betterprotect.INFO: sender_payload is wildcard [] []
[2020-02-03T02:31:41.701508+00:00] betterprotect.INFO: sender_payload is wildcard [] []
[2020-02-03T02:31:41.702409+00:00] betterprotect.INFO: sender matches domain 1234contoso.com [] []
[2020-02-03T02:31:41.702866+00:00] betterprotect.INFO: sender_payload is wildcard [] []
[2020-02-03T02:31:41.703660+00:00] betterprotect.INFO: sender matches localpart mail2 [] []
[2020-02-03T02:31:41.704044+00:00] betterprotect.INFO: sender_payload is wildcard [] []
[2020-02-03T02:32:41.015635+00:00] betterprotect.INFO: sender_payload is wildcard [] []
[2020-02-03T02:32:41.019555+00:00] betterprotect.INFO: sender_payload is wildcard [] []
[2020-02-03T02:32:55.645655+00:00] betterprotect.INFO: sender_payload is wildcard [] []
[2020-02-03T02:32:55.648653+00:00] betterprotect.INFO: sender_payload is wildcard [] []
[2020-02-03T02:32:55.650766+00:00] betterprotect.INFO: sender_payload is wildcard [] []
[2020-02-03T02:32:55.651918+00:00] betterprotect.INFO: sender_payload is wildcard [] []
[2020-02-03T02:32:55.652618+00:00] betterprotect.INFO: client_address is in network 192.168.178.0/24 [] []
[2020-02-03T02:32:55.653311+00:00] betterprotect.INFO: sender_payload is wildcard [] []
[2020-02-03T02:32:55.654596+00:00] betterprotect.INFO: sender_payload is wildcard [] []
[2020-02-03T02:32:55.655387+00:00] betterprotect.INFO: sender matches domain 1234contoso.com [] []
[2020-02-03T02:32:55.655842+00:00] betterprotect.INFO: sender_payload is wildcard [] []
[2020-02-03T02:32:55.656582+00:00] betterprotect.INFO: sender matches localpart mail2 [] []
[2020-02-03T02:32:55.656914+00:00] betterprotect.INFO: sender_payload is wildcard [] []
[2020-02-03T02:32:55.658557+00:00] betterprotect.INFO: sender_payload is wildcard [] []
[2020-02-03T02:32:55.659728+00:00] betterprotect.INFO: sender_payload is wildcard [] []
[2020-02-03T02:32:55.660708+00:00] betterprotect.INFO: sender_payload is wildcard [] []
[2020-02-03T02:32:55.661602+00:00] betterprotect.INFO: sender_payload is wildcard [] []
[2020-02-03T02:32:55.662087+00:00] betterprotect.INFO: client_address is in network 192.168.178.0/24 [] []
[2020-02-03T02:32:55.662687+00:00] betterprotect.INFO: sender_payload is wildcard [] []
[2020-02-03T02:32:55.663537+00:00] betterprotect.INFO: sender_payload is wildcard [] []
[2020-02-03T02:32:55.664306+00:00] betterprotect.INFO: sender matches domain 1234contoso.com [] []
[2020-02-03T02:32:55.664765+00:00] betterprotect.INFO: sender_payload is wildcard [] []
[2020-02-03T02:32:55.665609+00:00] betterprotect.INFO: sender matches localpart mail2 [] []
[2020-02-03T02:32:55.666027+00:00] betterprotect.INFO: sender_payload is wildcard [] []
[2020-02-03T02:33:38.108056+00:00] betterprotect.INFO: sender_payload is wildcard [] []
[2020-02-03T02:33:38.111732+00:00] betterprotect.INFO: sender_payload is wildcard [] []
[2020-02-03T02:33:57.778008+00:00] betterprotect.INFO: sender_payload is wildcard [] []
[2020-02-03T02:33:57.781517+00:00] betterprotect.INFO: sender_payload is wildcard [] []
[2020-02-03T02:34:23.609968+00:00] betterprotect.INFO: sender_payload is wildcard [] []
[2020-02-03T02:34:23.613520+00:00] betterprotect.INFO: sender_payload is wildcard [] []
[2020-02-03T02:35:59.277245+00:00] betterprotect.INFO: sender_payload is wildcard [] []
[2020-02-03T02:35:59.279997+00:00] betterprotect.INFO: sender_payload is wildcard [] []
[2020-02-03T02:35:59.281117+00:00] betterprotect.INFO: sender_payload is wildcard [] []
[2020-02-03T02:35:59.282154+00:00] betterprotect.INFO: sender_payload is wildcard [] []
[2020-02-03T02:35:59.282722+00:00] betterprotect.INFO: client_address is in network 192.168.178.0/24 [] []
[2020-02-03T02:35:59.283170+00:00] betterprotect.INFO: sender_payload is wildcard [] []
[2020-02-03T02:35:59.286212+00:00] betterprotect.INFO: client_payload is wildcard [] []
[2020-02-03T02:35:59.286420+00:00] betterprotect.INFO: sender_payload mail1@contoso.com [] []
[2020-02-03T02:35:59.287278+00:00] betterprotect.INFO: sender matches domain 1234contoso.com [] []
[2020-02-03T02:35:59.287816+00:00] betterprotect.INFO: client_payload is wildcard [] []
[2020-02-03T02:35:59.287863+00:00] betterprotect.INFO: sender_payload 1234contoso.com [] []
[2020-02-03T02:35:59.292037+00:00] betterprotect.INFO: sender matches localpart mail2 [] []
[2020-02-03T02:35:59.293140+00:00] betterprotect.INFO: client_payload is wildcard [] []
[2020-02-03T02:35:59.293229+00:00] betterprotect.INFO: sender_payload mail2 [] []
[2020-02-03T02:36:22.739369+00:00] betterprotect.INFO: sender_payload is wildcard [] []
[2020-02-03T02:36:22.742126+00:00] betterprotect.INFO: sender_payload is wildcard [] []
[2020-02-03T02:36:22.742902+00:00] betterprotect.INFO: sender_payload is wildcard [] []
[2020-02-03T02:36:22.743656+00:00] betterprotect.INFO: sender_payload is wildcard [] []
[2020-02-03T02:36:22.744159+00:00] betterprotect.INFO: client_address is in network 192.168.178.0/24 [] []
[2020-02-03T02:36:22.744638+00:00] betterprotect.INFO: sender_payload is wildcard [] []
[2020-02-03T02:36:22.747943+00:00] betterprotect.INFO: client_payload is wildcard [] []
[2020-02-03T02:36:22.748138+00:00] betterprotect.INFO: sender_payload mail1@contoso.com [] []
[2020-02-03T02:36:22.748772+00:00] betterprotect.INFO: sender matches domain 1234contoso.com [] []
[2020-02-03T02:36:22.749199+00:00] betterprotect.INFO: client_payload is wildcard [] []
[2020-02-03T02:36:22.749244+00:00] betterprotect.INFO: sender_payload 1234contoso.com [] []
[2020-02-03T02:36:22.749850+00:00] betterprotect.INFO: sender matches localpart mail2 [] []
[2020-02-03T02:36:22.750149+00:00] betterprotect.INFO: client_payload is wildcard [] []
[2020-02-03T02:36:22.750193+00:00] betterprotect.INFO: sender_payload mail2 [] []
[2020-02-03T02:36:27.163604+00:00] betterprotect.INFO: sender_payload is wildcard [] []
[2020-02-03T02:36:27.166318+00:00] betterprotect.INFO: sender_payload is wildcard [] []
[2020-02-03T02:36:27.167218+00:00] betterprotect.INFO: sender_payload is wildcard [] []
[2020-02-03T02:36:27.168044+00:00] betterprotect.INFO: sender_payload is wildcard [] []
[2020-02-03T02:36:27.168496+00:00] betterprotect.INFO: client_address is in network 192.168.178.0/24 [] []
[2020-02-03T02:36:27.168955+00:00] betterprotect.INFO: sender_payload is wildcard [] []
[2020-02-03T02:36:27.171941+00:00] betterprotect.INFO: client_payload is wildcard [] []
[2020-02-03T02:36:27.172103+00:00] betterprotect.INFO: sender_payload mail1@contoso.com [] []
[2020-02-03T02:36:27.172763+00:00] betterprotect.INFO: sender matches domain 1234contoso.com [] []
[2020-02-03T02:36:27.173194+00:00] betterprotect.INFO: client_payload is wildcard [] []
[2020-02-03T02:36:27.173238+00:00] betterprotect.INFO: sender_payload 1234contoso.com [] []
[2020-02-03T02:36:27.173912+00:00] betterprotect.INFO: sender matches localpart mail2 [] []
[2020-02-03T02:36:27.174206+00:00] betterprotect.INFO: client_payload is wildcard [] []
[2020-02-03T02:36:27.174250+00:00] betterprotect.INFO: sender_payload mail2 [] []
[2020-02-03T02:37:32.421825+00:00] betterprotect.INFO: sender_payload is wildcard [] []
[2020-02-03T02:37:32.424672+00:00] betterprotect.INFO: sender_payload is wildcard [] []
[2020-02-03T02:37:32.425567+00:00] betterprotect.INFO: sender_payload is wildcard [] []
[2020-02-03T02:37:32.426531+00:00] betterprotect.INFO: sender_payload is wildcard [] []
[2020-02-03T02:37:32.426979+00:00] betterprotect.INFO: client_address is in network 192.168.178.0/24 [] []
[2020-02-03T02:37:32.427519+00:00] betterprotect.INFO: sender_payload is wildcard [] []
[2020-02-03T02:37:32.429063+00:00] betterprotect.INFO: sender_payload is wildcard [] []
[2020-02-03T02:37:32.429700+00:00] betterprotect.INFO: sender matches domain 1234contoso.com [] []
[2020-02-03T02:37:32.430106+00:00] betterprotect.INFO: sender_payload is wildcard [] []
[2020-02-03T02:37:32.430717+00:00] betterprotect.INFO: sender matches localpart mail2 [] []
[2020-02-03T02:37:32.431003+00:00] betterprotect.INFO: sender_payload is wildcard [] []
[2020-02-03T02:37:50.064447+00:00] betterprotect.INFO: sender_payload is wildcard [] []
[2020-02-03T02:37:50.067611+00:00] betterprotect.INFO: sender_payload is wildcard [] []
[2020-02-03T02:37:50.068576+00:00] betterprotect.INFO: sender_payload is wildcard [] []
[2020-02-03T02:37:50.069572+00:00] betterprotect.INFO: sender_payload is wildcard [] []
[2020-02-03T02:37:50.070164+00:00] betterprotect.INFO: client_address is in network 192.168.178.0/24 [] []
[2020-02-03T02:37:50.070813+00:00] betterprotect.INFO: sender_payload is wildcard [] []
[2020-02-03T02:37:50.073310+00:00] betterprotect.INFO: sender_payload is wildcard [] []
[2020-02-03T02:37:50.074519+00:00] betterprotect.INFO: sender matches domain 1234contoso.com [] []
[2020-02-03T02:37:50.075061+00:00] betterprotect.INFO: sender_payload is wildcard [] []
[2020-02-03T02:37:50.075937+00:00] betterprotect.INFO: sender matches localpart mail2 [] []
[2020-02-03T02:37:50.076288+00:00] betterprotect.INFO: sender_payload is wildcard [] []
[2020-02-03T02:38:24.520154+00:00] betterprotect.INFO: sender_payload is wildcard [] []
[2020-02-03T02:38:24.523453+00:00] betterprotect.INFO: sender_payload is wildcard [] []
[2020-02-03T02:38:24.524602+00:00] betterprotect.INFO: sender_payload is wildcard [] []
[2020-02-03T02:38:24.525518+00:00] betterprotect.INFO: sender_payload is wildcard [] []
[2020-02-03T02:38:24.525942+00:00] betterprotect.INFO: client_address is in network 192.168.178.0/24 [] []
[2020-02-03T02:38:24.526541+00:00] betterprotect.INFO: sender_payload is wildcard [] []
[2020-02-03T02:38:24.528389+00:00] betterprotect.INFO: sender_payload is wildcard [] []
[2020-02-03T02:38:24.529156+00:00] betterprotect.INFO: sender matches domain 1234contoso.com [] []
[2020-02-03T02:38:24.529607+00:00] betterprotect.INFO: sender_payload is wildcard [] []
[2020-02-03T02:38:24.530265+00:00] betterprotect.INFO: sender matches localpart mail2 [] []
[2020-02-03T02:38:24.530563+00:00] betterprotect.INFO: sender_payload is wildcard [] []
[2020-02-03T02:38:28.351113+00:00] betterprotect.INFO: sender_payload is wildcard [] []
[2020-02-03T02:38:28.354106+00:00] betterprotect.INFO: sender_payload is wildcard [] []
[2020-02-03T02:38:28.355355+00:00] betterprotect.INFO: sender_payload is wildcard [] []
[2020-02-03T02:38:28.356358+00:00] betterprotect.INFO: sender_payload is wildcard [] []
[2020-02-03T02:38:28.356830+00:00] betterprotect.INFO: client_address is in network 192.168.178.0/24 [] []
[2020-02-03T02:38:28.357473+00:00] betterprotect.INFO: sender_payload is wildcard [] []
[2020-02-03T02:38:28.359196+00:00] betterprotect.INFO: sender_payload is wildcard [] []
[2020-02-03T02:38:28.360009+00:00] betterprotect.INFO: sender matches domain 1234contoso.com [] []
[2020-02-03T02:38:28.360505+00:00] betterprotect.INFO: sender_payload is wildcard [] []
[2020-02-03T02:38:28.361425+00:00] betterprotect.INFO: sender matches localpart mail2 [] []
[2020-02-03T02:38:28.361781+00:00] betterprotect.INFO: sender_payload is wildcard [] []
[2020-02-03T02:38:54.642669+00:00] betterprotect.INFO: sender_payload is wildcard [] []
[2020-02-03T02:38:54.645709+00:00] betterprotect.INFO: sender_payload is wildcard [] []
[2020-02-03T02:38:54.646756+00:00] betterprotect.INFO: sender_payload is wildcard [] []
[2020-02-03T02:38:54.647645+00:00] betterprotect.INFO: sender_payload is wildcard [] []
[2020-02-03T02:38:54.648077+00:00] betterprotect.INFO: client_address is in network 192.168.178.0/24 [] []
[2020-02-03T02:38:54.648644+00:00] betterprotect.INFO: sender_payload is wildcard [] []
[2020-02-03T02:38:54.650162+00:00] betterprotect.INFO: sender_payload is wildcard [] []
[2020-02-03T02:38:54.650808+00:00] betterprotect.INFO: sender matches domain 1234contoso.com [] []
[2020-02-03T02:38:54.651254+00:00] betterprotect.INFO: sender_payload is wildcard [] []
[2020-02-03T02:38:54.651932+00:00] betterprotect.INFO: sender matches localpart mail2 [] []
[2020-02-03T02:38:54.652290+00:00] betterprotect.INFO: sender_payload is wildcard [] []
[2020-02-03T02:39:37.133243+00:00] betterprotect.INFO: sender_payload is wildcard [] []
[2020-02-03T02:39:37.135978+00:00] betterprotect.INFO: sender_payload is wildcard [] []
[2020-02-03T02:39:37.136914+00:00] betterprotect.INFO: sender_payload is wildcard [] []
[2020-02-03T02:39:37.137781+00:00] betterprotect.INFO: sender_payload is wildcard [] []
[2020-02-03T02:39:37.138367+00:00] betterprotect.INFO: client_address is in network 192.168.178.0/24 [] []
[2020-02-03T02:39:37.139178+00:00] betterprotect.INFO: sender_payload is wildcard [] []
[2020-02-03T02:39:37.140911+00:00] betterprotect.INFO: sender_payload is wildcard [] []
[2020-02-03T02:39:37.141741+00:00] betterprotect.INFO: sender matches domain 1234contoso.com [] []
[2020-02-03T02:39:37.142188+00:00] betterprotect.INFO: sender_payload is wildcard [] []
[2020-02-03T02:39:37.142937+00:00] betterprotect.INFO: sender matches localpart mail2 [] []
[2020-02-03T02:39:37.143245+00:00] betterprotect.INFO: client_payload is wildcard [] []
[2020-02-03T02:39:37.143291+00:00] betterprotect.INFO: sender_payload mail2 [] []
[2020-02-03T02:39:41.800963+00:00] betterprotect.INFO: sender_payload is wildcard [] []
[2020-02-03T02:39:41.803667+00:00] betterprotect.INFO: sender_payload is wildcard [] []
[2020-02-03T02:39:41.804606+00:00] betterprotect.INFO: sender_payload is wildcard [] []
[2020-02-03T02:39:41.805508+00:00] betterprotect.INFO: sender_payload is wildcard [] []
[2020-02-03T02:39:41.805952+00:00] betterprotect.INFO: client_address is in network 192.168.178.0/24 [] []
[2020-02-03T02:39:41.806502+00:00] betterprotect.INFO: sender_payload is wildcard [] []
[2020-02-03T02:39:41.808076+00:00] betterprotect.INFO: sender_payload is wildcard [] []
[2020-02-03T02:39:41.808809+00:00] betterprotect.INFO: sender matches domain 1234contoso.com [] []
[2020-02-03T02:39:41.809253+00:00] betterprotect.INFO: sender_payload is wildcard [] []
[2020-02-03T02:39:41.809916+00:00] betterprotect.INFO: sender matches localpart mail2 [] []
[2020-02-03T02:39:41.810218+00:00] betterprotect.INFO: client_payload is wildcard [] []
[2020-02-03T02:39:41.810263+00:00] betterprotect.INFO: sender_payload mail2 [] []
[2020-02-03T02:40:13.164682+00:00] betterprotect.INFO: sender_payload is wildcard [] []
[2020-02-03T02:40:13.167465+00:00] betterprotect.INFO: sender_payload is wildcard [] []
[2020-02-03T02:40:13.168455+00:00] betterprotect.INFO: sender_payload is wildcard [] []
[2020-02-03T02:40:13.169440+00:00] betterprotect.INFO: sender_payload is wildcard [] []
[2020-02-03T02:40:13.169972+00:00] betterprotect.INFO: client_address is in network 192.168.178.0/24 [] []
[2020-02-03T02:40:13.170825+00:00] betterprotect.INFO: sender_payload is wildcard [] []
[2020-02-03T02:40:13.172640+00:00] betterprotect.INFO: sender_payload is wildcard [] []
[2020-02-03T02:40:13.173409+00:00] betterprotect.INFO: sender matches domain 1234contoso.com [] []
[2020-02-03T02:40:13.173873+00:00] betterprotect.INFO: sender_payload is wildcard [] []
[2020-02-03T02:40:13.174562+00:00] betterprotect.INFO: sender matches localpart mail2 [] []
[2020-02-03T02:40:13.174869+00:00] betterprotect.INFO: client_payload is wildcard [] []
[2020-02-03T02:40:13.174914+00:00] betterprotect.INFO: sender_payload mail2 [] []
[2020-02-03T02:40:18.267008+00:00] betterprotect.INFO: sender_payload is wildcard [] []
[2020-02-03T02:40:18.269884+00:00] betterprotect.INFO: sender_payload is wildcard [] []
[2020-02-03T02:40:18.270982+00:00] betterprotect.INFO: sender_payload is wildcard [] []
[2020-02-03T02:40:18.271915+00:00] betterprotect.INFO: sender_payload is wildcard [] []
[2020-02-03T02:40:18.272339+00:00] betterprotect.INFO: client_address is in network 192.168.178.0/24 [] []
[2020-02-03T02:40:18.272935+00:00] betterprotect.INFO: sender_payload is wildcard [] []
[2020-02-03T02:40:18.274748+00:00] betterprotect.INFO: sender_payload is wildcard [] []
[2020-02-03T02:40:18.275636+00:00] betterprotect.INFO: sender matches domain 1234contoso.com [] []
[2020-02-03T02:40:18.276213+00:00] betterprotect.INFO: sender_payload is wildcard [] []
[2020-02-03T02:40:18.276933+00:00] betterprotect.INFO: sender matches localpart mail2 [] []
[2020-02-03T02:40:18.277229+00:00] betterprotect.INFO: client_payload is wildcard [] []
[2020-02-03T02:40:18.277273+00:00] betterprotect.INFO: sender_payload mail2 [] []
[2020-02-03T02:40:22.721338+00:00] betterprotect.INFO: sender_payload is wildcard [] []
[2020-02-03T02:40:22.724472+00:00] betterprotect.INFO: sender_payload is wildcard [] []
[2020-02-03T02:40:22.725513+00:00] betterprotect.INFO: sender_payload is wildcard [] []
[2020-02-03T02:40:22.726595+00:00] betterprotect.INFO: sender_payload is wildcard [] []
[2020-02-03T02:40:22.727164+00:00] betterprotect.INFO: client_address is in network 192.168.178.0/24 [] []
[2020-02-03T02:40:22.727870+00:00] betterprotect.INFO: sender_payload is wildcard [] []
[2020-02-03T02:40:22.729556+00:00] betterprotect.INFO: sender_payload is wildcard [] []
[2020-02-03T02:40:22.730242+00:00] betterprotect.INFO: sender matches domain 1234contoso.com [] []
[2020-02-03T02:40:22.730685+00:00] betterprotect.INFO: sender_payload is wildcard [] []
[2020-02-03T02:40:22.731337+00:00] betterprotect.INFO: sender matches localpart mail2 [] []
[2020-02-03T02:40:22.731638+00:00] betterprotect.INFO: client_payload is wildcard [] []
[2020-02-03T02:40:22.731684+00:00] betterprotect.INFO: sender_payload mail2 [] []
